{"sessionId":"6b7ab6","runId":"initial","hypothesisId":"H1_frontpage_ready_after_phase1","location":"app.py:_run_refresh","message":"Phase-1 publish ready","data":{"elapsed_ms":657,"rows":159},"timestamp":1777521799481}
{"sessionId":"6b7ab6","runId":"initial","hypothesisId":"H6_signal_progress_message_delivery","location":"app.py:_send_signal_progress","message":"Server sending signal progress message","data":{"pct":20,"label":"Building quick snapshot","status":"loading"},"timestamp":1777521799483}
{"sessionId":"6b7ab6","runId":"initial","hypothesisId":"H2_signal_pipeline_parallelism","location":"app.py:_run_agent_pipeline","message":"Signal studio loading state set","data":{"run_id":1},"timestamp":1777521799483}
{"sessionId":"6b7ab6","runId":"initial","hypothesisId":"H6_signal_progress_message_delivery","location":"app.py:_send_signal_progress","message":"Server sending signal progress message","data":{"pct":60,"label":"Quick snapshot ready","status":"ready"},"timestamp":1777521799526}
{"sessionId":"6b7ab6","runId":"initial","hypothesisId":"H2_signal_pipeline_parallelism","location":"app.py:_run_agent_pipeline","message":"Quick snapshot published","data":{"run_id":1,"packet_count":6},"timestamp":1777521799527}
{"sessionId":"6b7ab6","runId":"initial","hypothesisId":"H4_frontpage_summary_blocking","location":"app.py:make_cards_ui","message":"Cards rendered","data":{"category":"ALL","summary_fetch_count":0,"first_paint_mode":true,"elapsed_ms":23},"timestamp":1777521799572}
{"sessionId":"6b7ab6","runId":"initial","hypothesisId":"H4_frontpage_summary_blocking","location":"app.py:make_cards_ui","message":"Summaries fetched during card render","data":{"category":"ALL","fetch_count":6,"elapsed_ms":5113},"timestamp":1777521807899}
{"sessionId":"6b7ab6","runId":"initial","hypothesisId":"H4_frontpage_summary_blocking","location":"app.py:make_cards_ui","message":"Cards rendered","data":{"category":"ALL","summary_fetch_count":6,"first_paint_mode":false,"elapsed_ms":5119},"timestamp":1777521807905}
{"sessionId":"6b7ab6","runId":"initial","hypothesisId":"H6_signal_progress_message_delivery","location":"app.py:_send_signal_progress","message":"Server sending signal progress message","data":{"pct":20,"label":"Building quick snapshot","status":"loading"},"timestamp":1777521807918}
{"sessionId":"6b7ab6","runId":"initial","hypothesisId":"H2_signal_pipeline_parallelism","location":"app.py:_run_agent_pipeline","message":"Signal studio loading state set","data":{"run_id":2},"timestamp":1777521807918}
{"sessionId":"6b7ab6","runId":"initial","hypothesisId":"H6_signal_progress_message_delivery","location":"app.py:_send_signal_progress","message":"Server sending signal progress message","data":{"pct":60,"label":"Quick snapshot ready","status":"ready"},"timestamp":1777521808036}
{"sessionId":"6b7ab6","runId":"initial","hypothesisId":"H2_signal_pipeline_parallelism","location":"app.py:_run_agent_pipeline","message":"Quick snapshot published","data":{"run_id":2,"packet_count":6},"timestamp":1777521808037}
{"sessionId":"6b7ab6","runId":"initial","hypothesisId":"H3_full_signal_backend_duration","location":"app.py:_run_full_agent_pipeline","message":"Full signal studio pipeline started","data":{"run_id":2},"timestamp":1777521808037}
{"sessionId":"6b7ab6","runId":"initial","hypothesisId":"H6_signal_progress_message_delivery","location":"app.py:_send_signal_progress","message":"Server sending signal progress message","data":{"pct":72,"label":"Generating section summaries","status":"ready"},"timestamp":1777521808038}
{"sessionId":"6b7ab6","runId":"initial","hypothesisId":"H5_signal_loader_not_live","location":"app.py:_run_full_agent_pipeline","message":"Progress state updated","data":{"progress_pct":72,"progress_label":"Generating section summaries","run_id":2},"timestamp":1777521808038}
{"sessionId":"6b7ab6","runId":"initial","hypothesisId":"H6_signal_progress_message_delivery","location":"app.py:_send_signal_progress","message":"Server sending signal progress message","data":{"pct":84,"label":"Building section briefs","status":"ready"},"timestamp":1777521816410}
{"sessionId":"6b7ab6","runId":"initial","hypothesisId":"H5_signal_loader_not_live","location":"app.py:_run_full_agent_pipeline","message":"Progress state updated","data":{"progress_pct":84,"progress_label":"Building section briefs","run_id":2},"timestamp":1777521816411}
{"sessionId":"6b7ab6","runId":"initial","hypothesisId":"H6_signal_progress_message_delivery","location":"app.py:_send_signal_progress","message":"Server sending signal progress message","data":{"pct":94,"label":"Running multi-agent validation","status":"ready"},"timestamp":1777521822747}
{"sessionId":"6b7ab6","runId":"initial","hypothesisId":"H5_signal_loader_not_live","location":"app.py:_run_full_agent_pipeline","message":"Progress state updated","data":{"progress_pct":94,"progress_label":"Running multi-agent validation","run_id":2},"timestamp":1777521822747}
{"sessionId":"6b7ab6","runId":"initial","hypothesisId":"H6_signal_progress_message_delivery","location":"app.py:_send_signal_progress","message":"Server sending signal progress message","data":{"pct":100,"label":"Done","status":"ready"},"timestamp":1777521850922}
{"sessionId":"6b7ab6","runId":"initial","hypothesisId":"H3_full_signal_backend_duration","location":"app.py:_run_full_agent_pipeline","message":"Full signal studio pipeline finished","data":{"run_id":2,"elapsed_ms":42884},"timestamp":1777521850923}
{"sessionId":"6b7ab6","runId":"initial","hypothesisId":"H1_frontpage_ready_after_phase1","location":"app.py:_run_refresh","message":"Phase-1 publish ready","data":{"elapsed_ms":2055,"rows":147},"timestamp":1777522118549}
{"sessionId":"6b7ab6","runId":"initial","hypothesisId":"H6_signal_progress_message_delivery","location":"app.py:_send_signal_progress","message":"Server sending signal progress message","data":{"pct":20,"label":"Building quick snapshot","status":"loading"},"timestamp":1777522118555}
{"sessionId":"6b7ab6","runId":"initial","hypothesisId":"H2_signal_pipeline_parallelism","location":"app.py:_run_agent_pipeline","message":"Signal studio loading state set","data":{"run_id":1},"timestamp":1777522118555}
{"sessionId":"6b7ab6","runId":"initial","hypothesisId":"H6_signal_progress_message_delivery","location":"app.py:_send_signal_progress","message":"Server sending signal progress message","data":{"pct":60,"label":"Quick snapshot ready","status":"ready"},"timestamp":1777522118599}
{"sessionId":"6b7ab6","runId":"initial","hypothesisId":"H2_signal_pipeline_parallelism","location":"app.py:_run_agent_pipeline","message":"Quick snapshot published","data":{"run_id":1,"packet_count":6},"timestamp":1777522118599}
{"sessionId":"6b7ab6","runId":"initial","hypothesisId":"H3_full_signal_backend_duration","location":"app.py:_run_full_agent_pipeline","message":"Full signal studio pipeline started","data":{"run_id":1},"timestamp":1777522118601}
{"sessionId":"6b7ab6","runId":"initial","hypothesisId":"H6_signal_progress_message_delivery","location":"app.py:_send_signal_progress","message":"Server sending signal progress message","data":{"pct":72,"label":"Generating section summaries","status":"ready"},"timestamp":1777522118601}
{"sessionId":"6b7ab6","runId":"initial","hypothesisId":"H5_signal_loader_not_live","location":"app.py:_run_full_agent_pipeline","message":"Progress state updated","data":{"progress_pct":72,"progress_label":"Generating section summaries","run_id":1},"timestamp":1777522118602}
{"sessionId":"6b7ab6","runId":"initial","hypothesisId":"H4_frontpage_summary_blocking","location":"app.py:make_cards_ui","message":"Cards rendered","data":{"category":"ALL","summary_fetch_count":0,"first_paint_mode":true,"elapsed_ms":37},"timestamp":1777522118728}
{"sessionId":"6b7ab6","runId":"initial","hypothesisId":"H6_signal_progress_message_delivery","location":"app.py:_send_signal_progress","message":"Server sending signal progress message","data":{"pct":84,"label":"Building section briefs","status":"ready"},"timestamp":1777522128561}
{"sessionId":"6b7ab6","runId":"initial","hypothesisId":"H5_signal_loader_not_live","location":"app.py:_run_full_agent_pipeline","message":"Progress state updated","data":{"progress_pct":84,"progress_label":"Building section briefs","run_id":1},"timestamp":1777522128561}
{"sessionId":"6b7ab6","runId":"initial","hypothesisId":"H4_frontpage_summary_blocking","location":"app.py:make_cards_ui","message":"Summaries fetched during card render","data":{"category":"ALL","fetch_count":6,"elapsed_ms":5515},"timestamp":1777522130192}
{"sessionId":"6b7ab6","runId":"initial","hypothesisId":"H4_frontpage_summary_blocking","location":"app.py:make_cards_ui","message":"Cards rendered","data":{"category":"ALL","summary_fetch_count":6,"first_paint_mode":false,"elapsed_ms":5534},"timestamp":1777522130211}
{"sessionId":"6b7ab6","runId":"initial","hypothesisId":"H6_signal_progress_message_delivery","location":"app.py:_send_signal_progress","message":"Server sending signal progress message","data":{"pct":20,"label":"Building quick snapshot","status":"loading"},"timestamp":1777522130269}
{"sessionId":"6b7ab6","runId":"initial","hypothesisId":"H2_signal_pipeline_parallelism","location":"app.py:_run_agent_pipeline","message":"Signal studio loading state set","data":{"run_id":2},"timestamp":1777522130269}
{"sessionId":"6b7ab6","runId":"initial","hypothesisId":"H6_signal_progress_message_delivery","location":"app.py:_send_signal_progress","message":"Server sending signal progress message","data":{"pct":60,"label":"Quick snapshot ready","status":"ready"},"timestamp":1777522130305}
{"sessionId":"6b7ab6","runId":"initial","hypothesisId":"H2_signal_pipeline_parallelism","location":"app.py:_run_agent_pipeline","message":"Quick snapshot published","data":{"run_id":2,"packet_count":6},"timestamp":1777522130306}
{"sessionId":"6b7ab6","runId":"initial","hypothesisId":"H3_full_signal_backend_duration","location":"app.py:_run_full_agent_pipeline","message":"Full signal studio pipeline started","data":{"run_id":2},"timestamp":1777522130314}
{"sessionId":"6b7ab6","runId":"initial","hypothesisId":"H6_signal_progress_message_delivery","location":"app.py:_send_signal_progress","message":"Server sending signal progress message","data":{"pct":72,"label":"Generating section summaries","status":"ready"},"timestamp":1777522130315}
{"sessionId":"6b7ab6","runId":"initial","hypothesisId":"H5_signal_loader_not_live","location":"app.py:_run_full_agent_pipeline","message":"Progress state updated","data":{"progress_pct":72,"progress_label":"Generating section summaries","run_id":2},"timestamp":1777522130315}
{"sessionId":"6b7ab6","runId":"initial","hypothesisId":"H6_signal_progress_message_delivery","location":"app.py:_send_signal_progress","message":"Server sending signal progress message","data":{"pct":84,"label":"Building section briefs","status":"ready"},"timestamp":1777522130362}
{"sessionId":"6b7ab6","runId":"initial","hypothesisId":"H5_signal_loader_not_live","location":"app.py:_run_full_agent_pipeline","message":"Progress state updated","data":{"progress_pct":84,"progress_label":"Building section briefs","run_id":2},"timestamp":1777522130363}
{"sessionId":"6b7ab6","runId":"initial","hypothesisId":"H6_signal_progress_message_delivery","location":"app.py:_send_signal_progress","message":"Server sending signal progress message","data":{"pct":94,"label":"Running multi-agent validation","status":"ready"},"timestamp":1777522135111}
{"sessionId":"6b7ab6","runId":"initial","hypothesisId":"H5_signal_loader_not_live","location":"app.py:_run_full_agent_pipeline","message":"Progress state updated","data":{"progress_pct":94,"progress_label":"Running multi-agent validation","run_id":2},"timestamp":1777522135111}
{"sessionId":"6b7ab6","runId":"initial","hypothesisId":"H6_signal_progress_message_delivery","location":"app.py:_send_signal_progress","message":"Server sending signal progress message","data":{"pct":100,"label":"Done","status":"ready"},"timestamp":1777522158866}
{"sessionId":"6b7ab6","runId":"initial","hypothesisId":"H3_full_signal_backend_duration","location":"app.py:_run_full_agent_pipeline","message":"Full signal studio pipeline finished","data":{"run_id":2,"elapsed_ms":28552},"timestamp":1777522158867}
{"sessionId":"6b7ab6","runId":"initial","hypothesisId":"H5_signal_loader_not_live","location":"app.py:_run_full_agent_pipeline","message":"Progress state updated","data":{"progress_pct":100,"progress_label":"Done","run_id":2},"timestamp":1777522158867}
{"sessionId":"6b7ab6","runId":"initial","hypothesisId":"H1_frontpage_ready_after_phase1","location":"app.py:_run_refresh","message":"Phase-1 publish ready","data":{"elapsed_ms":777,"rows":123},"timestamp":1777522269748}
{"sessionId":"6b7ab6","runId":"initial","hypothesisId":"H6_signal_progress_message_delivery","location":"app.py:_send_signal_progress","message":"Server sending signal progress message","data":{"pct":20,"label":"Building quick snapshot","status":"loading"},"timestamp":1777522269751}
{"sessionId":"6b7ab6","runId":"initial","hypothesisId":"H2_signal_pipeline_parallelism","location":"app.py:_run_agent_pipeline","message":"Signal studio loading state set","data":{"run_id":1},"timestamp":1777522269751}
{"sessionId":"6b7ab6","runId":"initial","hypothesisId":"H6_signal_progress_message_delivery","location":"app.py:_send_signal_progress","message":"Server sending signal progress message","data":{"pct":60,"label":"Quick snapshot ready","status":"ready"},"timestamp":1777522269789}
{"sessionId":"6b7ab6","runId":"initial","hypothesisId":"H2_signal_pipeline_parallelism","location":"app.py:_run_agent_pipeline","message":"Quick snapshot published","data":{"run_id":1,"packet_count":6},"timestamp":1777522269789}
{"sessionId":"6b7ab6","runId":"initial","hypothesisId":"H3_full_signal_backend_duration","location":"app.py:_run_full_agent_pipeline","message":"Full signal studio pipeline started","data":{"run_id":1},"timestamp":1777522269791}
{"sessionId":"6b7ab6","runId":"initial","hypothesisId":"H6_signal_progress_message_delivery","location":"app.py:_send_signal_progress","message":"Server sending signal progress message","data":{"pct":72,"label":"Generating section summaries","status":"ready"},"timestamp":1777522269791}
{"sessionId":"6b7ab6","runId":"initial","hypothesisId":"H5_signal_loader_not_live","location":"app.py:_run_full_agent_pipeline","message":"Progress state updated","data":{"progress_pct":72,"progress_label":"Generating section summaries","run_id":1},"timestamp":1777522269791}
{"sessionId":"6b7ab6","runId":"initial","hypothesisId":"H4_frontpage_summary_blocking","location":"app.py:make_cards_ui","message":"Cards rendered","data":{"category":"ALL","summary_fetch_count":0,"first_paint_mode":true,"elapsed_ms":31},"timestamp":1777522269893}
{"sessionId":"6b7ab6","runId":"initial","hypothesisId":"H6_signal_progress_message_delivery","location":"app.py:_send_signal_progress","message":"Server sending signal progress message","data":{"pct":84,"label":"Building section briefs","status":"ready"},"timestamp":1777522276895}
{"sessionId":"6b7ab6","runId":"initial","hypothesisId":"H5_signal_loader_not_live","location":"app.py:_run_full_agent_pipeline","message":"Progress state updated","data":{"progress_pct":84,"progress_label":"Building section briefs","run_id":1},"timestamp":1777522276896}
{"sessionId":"6b7ab6","runId":"initial","hypothesisId":"H4_frontpage_summary_blocking","location":"app.py:make_cards_ui","message":"Summaries fetched during card render","data":{"category":"ALL","fetch_count":1,"elapsed_ms":2760},"timestamp":1777522279549}
{"sessionId":"6b7ab6","runId":"initial","hypothesisId":"H4_frontpage_summary_blocking","location":"app.py:make_cards_ui","message":"Cards rendered","data":{"category":"ALL","summary_fetch_count":1,"first_paint_mode":false,"elapsed_ms":2765},"timestamp":1777522279555}
{"sessionId":"6b7ab6","runId":"initial","hypothesisId":"H6_signal_progress_message_delivery","location":"app.py:_send_signal_progress","message":"Server sending signal progress message","data":{"pct":20,"label":"Building quick snapshot","status":"loading"},"timestamp":1777522279610}
{"sessionId":"6b7ab6","runId":"initial","hypothesisId":"H2_signal_pipeline_parallelism","location":"app.py:_run_agent_pipeline","message":"Signal studio loading state set","data":{"run_id":2},"timestamp":1777522279611}
{"sessionId":"6b7ab6","runId":"initial","hypothesisId":"H6_signal_progress_message_delivery","location":"app.py:_send_signal_progress","message":"Server sending signal progress message","data":{"pct":60,"label":"Quick snapshot ready","status":"ready"},"timestamp":1777522279648}
{"sessionId":"6b7ab6","runId":"initial","hypothesisId":"H2_signal_pipeline_parallelism","location":"app.py:_run_agent_pipeline","message":"Quick snapshot published","data":{"run_id":2,"packet_count":6},"timestamp":1777522279649}
{"sessionId":"6b7ab6","runId":"initial","hypothesisId":"H3_full_signal_backend_duration","location":"app.py:_run_full_agent_pipeline","message":"Full signal studio pipeline started","data":{"run_id":2},"timestamp":1777522279657}
{"sessionId":"6b7ab6","runId":"initial","hypothesisId":"H6_signal_progress_message_delivery","location":"app.py:_send_signal_progress","message":"Server sending signal progress message","data":{"pct":72,"label":"Generating section summaries","status":"ready"},"timestamp":1777522279658}
{"sessionId":"6b7ab6","runId":"initial","hypothesisId":"H5_signal_loader_not_live","location":"app.py:_run_full_agent_pipeline","message":"Progress state updated","data":{"progress_pct":72,"progress_label":"Generating section summaries","run_id":2},"timestamp":1777522279658}
{"sessionId":"6b7ab6","runId":"initial","hypothesisId":"H6_signal_progress_message_delivery","location":"app.py:_send_signal_progress","message":"Server sending signal progress message","data":{"pct":84,"label":"Building section briefs","status":"ready"},"timestamp":1777522279699}
{"sessionId":"6b7ab6","runId":"initial","hypothesisId":"H5_signal_loader_not_live","location":"app.py:_run_full_agent_pipeline","message":"Progress state updated","data":{"progress_pct":84,"progress_label":"Building section briefs","run_id":2},"timestamp":1777522279699}
{"sessionId":"6b7ab6","runId":"initial","hypothesisId":"H6_signal_progress_message_delivery","location":"app.py:_send_signal_progress","message":"Server sending signal progress message","data":{"pct":94,"label":"Running multi-agent validation","status":"ready"},"timestamp":1777522284816}
{"sessionId":"6b7ab6","runId":"initial","hypothesisId":"H5_signal_loader_not_live","location":"app.py:_run_full_agent_pipeline","message":"Progress state updated","data":{"progress_pct":94,"progress_label":"Running multi-agent validation","run_id":2},"timestamp":1777522284816}
{"sessionId":"6b7ab6","runId":"initial","hypothesisId":"H6_signal_progress_message_delivery","location":"app.py:_send_signal_progress","message":"Server sending signal progress message","data":{"pct":100,"label":"Done","status":"ready"},"timestamp":1777522309358}
{"sessionId":"6b7ab6","runId":"initial","hypothesisId":"H3_full_signal_backend_duration","location":"app.py:_run_full_agent_pipeline","message":"Full signal studio pipeline finished","data":{"run_id":2,"elapsed_ms":29701},"timestamp":1777522309358}
{"sessionId":"6b7ab6","runId":"initial","hypothesisId":"H5_signal_loader_not_live","location":"app.py:_run_full_agent_pipeline","message":"Progress state updated","data":{"progress_pct":100,"progress_label":"Done","run_id":2},"timestamp":1777522309358}
{"sessionId":"6b7ab6","runId":"initial","hypothesisId":"H4_frontpage_summary_blocking","location":"app.py:make_cards_ui","message":"Summaries fetched during card render","data":{"category":"ALL","fetch_count":6,"elapsed_ms":5633},"timestamp":1777522401406}
{"sessionId":"6b7ab6","runId":"initial","hypothesisId":"H4_frontpage_summary_blocking","location":"app.py:make_cards_ui","message":"Cards rendered","data":{"category":"ALL","summary_fetch_count":6,"first_paint_mode":false,"elapsed_ms":5636},"timestamp":1777522401409}
{"sessionId":"6b7ab6","runId":"initial","hypothesisId":"H1_frontpage_ready_after_phase1","location":"app.py:_run_refresh","message":"Phase-1 publish ready","data":{"elapsed_ms":797,"rows":158},"timestamp":1777522641055}
{"sessionId":"6b7ab6","runId":"initial","hypothesisId":"H6_signal_progress_message_delivery","location":"app.py:_send_signal_progress","message":"Server sending signal progress message","data":{"pct":20,"label":"Building quick snapshot","status":"loading"},"timestamp":1777522641059}
{"sessionId":"6b7ab6","runId":"initial","hypothesisId":"H2_signal_pipeline_parallelism","location":"app.py:_run_agent_pipeline","message":"Signal studio loading state set","data":{"run_id":1},"timestamp":1777522641059}
{"sessionId":"6b7ab6","runId":"initial","hypothesisId":"H6_signal_progress_message_delivery","location":"app.py:_send_signal_progress","message":"Server sending signal progress message","data":{"pct":60,"label":"Quick snapshot ready","status":"ready"},"timestamp":1777522641126}
{"sessionId":"6b7ab6","runId":"initial","hypothesisId":"H2_signal_pipeline_parallelism","location":"app.py:_run_agent_pipeline","message":"Quick snapshot published","data":{"run_id":1,"packet_count":6},"timestamp":1777522641127}
{"sessionId":"6b7ab6","runId":"initial","hypothesisId":"H3_full_signal_backend_duration","location":"app.py:_run_full_agent_pipeline","message":"Full signal studio pipeline started","data":{"run_id":1},"timestamp":1777522641128}
{"sessionId":"6b7ab6","runId":"initial","hypothesisId":"H6_signal_progress_message_delivery","location":"app.py:_send_signal_progress","message":"Server sending signal progress message","data":{"pct":72,"label":"Generating section summaries","status":"ready"},"timestamp":1777522641128}
{"sessionId":"6b7ab6","runId":"initial","hypothesisId":"H5_signal_loader_not_live","location":"app.py:_run_full_agent_pipeline","message":"Progress state updated","data":{"progress_pct":72,"progress_label":"Generating section summaries","run_id":1},"timestamp":1777522641129}
{"sessionId":"6b7ab6","runId":"initial","hypothesisId":"H4_frontpage_summary_blocking","location":"app.py:make_cards_ui","message":"Cards rendered","data":{"category":"ALL","summary_fetch_count":0,"first_paint_mode":true,"elapsed_ms":44},"timestamp":1777522641282}
{"sessionId":"6b7ab6","runId":"initial","hypothesisId":"H6_signal_progress_message_delivery","location":"app.py:_send_signal_progress","message":"Server sending signal progress message","data":{"pct":84,"label":"Building section briefs","status":"ready"},"timestamp":1777522646973}
{"sessionId":"6b7ab6","runId":"initial","hypothesisId":"H5_signal_loader_not_live","location":"app.py:_run_full_agent_pipeline","message":"Progress state updated","data":{"progress_pct":84,"progress_label":"Building section briefs","run_id":1},"timestamp":1777522646973}
{"sessionId":"6b7ab6","runId":"initial","hypothesisId":"H4_frontpage_summary_blocking","location":"app.py:make_cards_ui","message":"Summaries fetched during card render","data":{"category":"ALL","fetch_count":6,"elapsed_ms":3277},"timestamp":1777522649356}
{"sessionId":"6b7ab6","runId":"initial","hypothesisId":"H4_frontpage_summary_blocking","location":"app.py:make_cards_ui","message":"Cards rendered","data":{"category":"ALL","summary_fetch_count":6,"first_paint_mode":false,"elapsed_ms":3281},"timestamp":1777522649359}
{"sessionId":"6b7ab6","runId":"initial","hypothesisId":"H6_signal_progress_message_delivery","location":"app.py:_send_signal_progress","message":"Server sending signal progress message","data":{"pct":20,"label":"Building quick snapshot","status":"loading"},"timestamp":1777522649373}
{"sessionId":"6b7ab6","runId":"initial","hypothesisId":"H2_signal_pipeline_parallelism","location":"app.py:_run_agent_pipeline","message":"Signal studio loading state set","data":{"run_id":2},"timestamp":1777522649373}
{"sessionId":"6b7ab6","runId":"initial","hypothesisId":"H6_signal_progress_message_delivery","location":"app.py:_send_signal_progress","message":"Server sending signal progress message","data":{"pct":60,"label":"Quick snapshot ready","status":"ready"},"timestamp":1777522649417}
{"sessionId":"6b7ab6","runId":"initial","hypothesisId":"H2_signal_pipeline_parallelism","location":"app.py:_run_agent_pipeline","message":"Quick snapshot published","data":{"run_id":2,"packet_count":6},"timestamp":1777522649418}
{"sessionId":"6b7ab6","runId":"initial","hypothesisId":"H3_full_signal_backend_duration","location":"app.py:_run_full_agent_pipeline","message":"Full signal studio pipeline started","data":{"run_id":2},"timestamp":1777522649426}
{"sessionId":"6b7ab6","runId":"initial","hypothesisId":"H6_signal_progress_message_delivery","location":"app.py:_send_signal_progress","message":"Server sending signal progress message","data":{"pct":72,"label":"Generating section summaries","status":"ready"},"timestamp":1777522649426}
{"sessionId":"6b7ab6","runId":"initial","hypothesisId":"H5_signal_loader_not_live","location":"app.py:_run_full_agent_pipeline","message":"Progress state updated","data":{"progress_pct":72,"progress_label":"Generating section summaries","run_id":2},"timestamp":1777522649427}
{"sessionId":"6b7ab6","runId":"initial","hypothesisId":"H6_signal_progress_message_delivery","location":"app.py:_send_signal_progress","message":"Server sending signal progress message","data":{"pct":84,"label":"Building section briefs","status":"ready"},"timestamp":1777522649475}
{"sessionId":"6b7ab6","runId":"initial","hypothesisId":"H5_signal_loader_not_live","location":"app.py:_run_full_agent_pipeline","message":"Progress state updated","data":{"progress_pct":84,"progress_label":"Building section briefs","run_id":2},"timestamp":1777522649475}
{"sessionId":"6b7ab6","runId":"initial","hypothesisId":"H6_signal_progress_message_delivery","location":"app.py:_send_signal_progress","message":"Server sending signal progress message","data":{"pct":94,"label":"Running multi-agent validation","status":"ready"},"timestamp":1777522654680}
{"sessionId":"6b7ab6","runId":"initial","hypothesisId":"H5_signal_loader_not_live","location":"app.py:_run_full_agent_pipeline","message":"Progress state updated","data":{"progress_pct":94,"progress_label":"Running multi-agent validation","run_id":2},"timestamp":1777522654680}
{"sessionId":"6b7ab6","runId":"initial","hypothesisId":"H6_signal_progress_message_delivery","location":"app.py:_send_signal_progress","message":"Server sending signal progress message","data":{"pct":100,"label":"Done","status":"ready"},"timestamp":1777522684990}
{"sessionId":"6b7ab6","runId":"initial","hypothesisId":"H3_full_signal_backend_duration","location":"app.py:_run_full_agent_pipeline","message":"Full signal studio pipeline finished","data":{"run_id":2,"elapsed_ms":35566},"timestamp":1777522684992}
{"sessionId":"6b7ab6","runId":"initial","hypothesisId":"H5_signal_loader_not_live","location":"app.py:_run_full_agent_pipeline","message":"Progress state updated","data":{"progress_pct":100,"progress_label":"Done","run_id":2},"timestamp":1777522684992}
{"sessionId":"6b7ab6","runId":"initial","hypothesisId":"H1_frontpage_ready_after_phase1","location":"app.py:_run_refresh","message":"Phase-1 publish ready","data":{"elapsed_ms":770,"rows":158},"timestamp":1777522847434}
{"sessionId":"6b7ab6","runId":"initial","hypothesisId":"H6_signal_progress_message_delivery","location":"app.py:_send_signal_progress","message":"Server sending signal progress message","data":{"pct":20,"label":"Building quick snapshot","status":"loading"},"timestamp":1777522847438}
{"sessionId":"6b7ab6","runId":"initial","hypothesisId":"H2_signal_pipeline_parallelism","location":"app.py:_run_agent_pipeline","message":"Signal studio loading state set","data":{"run_id":1},"timestamp":1777522847439}
{"sessionId":"6b7ab6","runId":"initial","hypothesisId":"H6_signal_progress_message_delivery","location":"app.py:_send_signal_progress","message":"Server sending signal progress message","data":{"pct":60,"label":"Quick snapshot ready","status":"ready"},"timestamp":1777522847484}
{"sessionId":"6b7ab6","runId":"initial","hypothesisId":"H2_signal_pipeline_parallelism","location":"app.py:_run_agent_pipeline","message":"Quick snapshot published","data":{"run_id":1,"packet_count":6},"timestamp":1777522847484}
{"sessionId":"6b7ab6","runId":"initial","hypothesisId":"H3_full_signal_backend_duration","location":"app.py:_run_full_agent_pipeline","message":"Full signal studio pipeline started","data":{"run_id":1},"timestamp":1777522847485}
{"sessionId":"6b7ab6","runId":"initial","hypothesisId":"H6_signal_progress_message_delivery","location":"app.py:_send_signal_progress","message":"Server sending signal progress message","data":{"pct":72,"label":"Generating section summaries","status":"ready"},"timestamp":1777522847486}
{"sessionId":"6b7ab6","runId":"initial","hypothesisId":"H5_signal_loader_not_live","location":"app.py:_run_full_agent_pipeline","message":"Progress state updated","data":{"progress_pct":72,"progress_label":"Generating section summaries","run_id":1},"timestamp":1777522847486}
{"sessionId":"6b7ab6","runId":"initial","hypothesisId":"H4_frontpage_summary_blocking","location":"app.py:make_cards_ui","message":"Cards rendered","data":{"category":"ALL","summary_fetch_count":0,"first_paint_mode":true,"elapsed_ms":43},"timestamp":1777522847624}
{"sessionId":"6b7ab6","runId":"initial","hypothesisId":"H4_frontpage_summary_blocking","location":"app.py:make_cards_ui","message":"Summaries fetched during card render","data":{"category":"ALL","fetch_count":5,"elapsed_ms":2858},"timestamp":1777522855646}
{"sessionId":"6b7ab6","runId":"initial","hypothesisId":"H4_frontpage_summary_blocking","location":"app.py:make_cards_ui","message":"Cards rendered","data":{"category":"ALL","summary_fetch_count":5,"first_paint_mode":false,"elapsed_ms":2870},"timestamp":1777522855657}
{"sessionId":"6b7ab6","runId":"initial","hypothesisId":"H6_signal_progress_message_delivery","location":"app.py:_send_signal_progress","message":"Server sending signal progress message","data":{"pct":20,"label":"Building quick snapshot","status":"loading"},"timestamp":1777522855667}
{"sessionId":"6b7ab6","runId":"initial","hypothesisId":"H2_signal_pipeline_parallelism","location":"app.py:_run_agent_pipeline","message":"Signal studio loading state set","data":{"run_id":2},"timestamp":1777522855667}
{"sessionId":"6b7ab6","runId":"initial","hypothesisId":"H6_signal_progress_message_delivery","location":"app.py:_send_signal_progress","message":"Server sending signal progress message","data":{"pct":60,"label":"Quick snapshot ready","status":"ready"},"timestamp":1777522855713}
{"sessionId":"6b7ab6","runId":"initial","hypothesisId":"H2_signal_pipeline_parallelism","location":"app.py:_run_agent_pipeline","message":"Quick snapshot published","data":{"run_id":2,"packet_count":6},"timestamp":1777522855713}
{"sessionId":"6b7ab6","runId":"initial","hypothesisId":"H3_full_signal_backend_duration","location":"app.py:_run_full_agent_pipeline","message":"Full signal studio pipeline started","data":{"run_id":2},"timestamp":1777522855724}
{"sessionId":"6b7ab6","runId":"initial","hypothesisId":"H6_signal_progress_message_delivery","location":"app.py:_send_signal_progress","message":"Server sending signal progress message","data":{"pct":72,"label":"Generating section summaries","status":"ready"},"timestamp":1777522855725}
{"sessionId":"6b7ab6","runId":"initial","hypothesisId":"H5_signal_loader_not_live","location":"app.py:_run_full_agent_pipeline","message":"Progress state updated","data":{"progress_pct":72,"progress_label":"Generating section summaries","run_id":2},"timestamp":1777522855725}
{"sessionId":"6b7ab6","runId":"initial","hypothesisId":"H6_signal_progress_message_delivery","location":"app.py:_send_signal_progress","message":"Server sending signal progress message","data":{"pct":84,"label":"Building section briefs","status":"ready"},"timestamp":1777522857395}
{"sessionId":"6b7ab6","runId":"initial","hypothesisId":"H5_signal_loader_not_live","location":"app.py:_run_full_agent_pipeline","message":"Progress state updated","data":{"progress_pct":84,"progress_label":"Building section briefs","run_id":1},"timestamp":1777522857395}
{"sessionId":"6b7ab6","runId":"initial","hypothesisId":"H6_signal_progress_message_delivery","location":"app.py:_send_signal_progress","message":"Server sending signal progress message","data":{"pct":84,"label":"Building section briefs","status":"ready"},"timestamp":1777522859136}
{"sessionId":"6b7ab6","runId":"initial","hypothesisId":"H5_signal_loader_not_live","location":"app.py:_run_full_agent_pipeline","message":"Progress state updated","data":{"progress_pct":84,"progress_label":"Building section briefs","run_id":2},"timestamp":1777522859137}
{"sessionId":"6b7ab6","runId":"initial","hypothesisId":"H6_signal_progress_message_delivery","location":"app.py:_send_signal_progress","message":"Server sending signal progress message","data":{"pct":94,"label":"Running multi-agent validation","status":"ready"},"timestamp":1777522864764}
{"sessionId":"6b7ab6","runId":"initial","hypothesisId":"H5_signal_loader_not_live","location":"app.py:_run_full_agent_pipeline","message":"Progress state updated","data":{"progress_pct":94,"progress_label":"Running multi-agent validation","run_id":2},"timestamp":1777522864764}
{"sessionId":"6b7ab6","runId":"initial","hypothesisId":"H6_signal_progress_message_delivery","location":"app.py:_send_signal_progress","message":"Server sending signal progress message","data":{"pct":100,"label":"Done","status":"ready"},"timestamp":1777522888228}
{"sessionId":"6b7ab6","runId":"initial","hypothesisId":"H3_full_signal_backend_duration","location":"app.py:_run_full_agent_pipeline","message":"Full signal studio pipeline finished","data":{"run_id":2,"elapsed_ms":32505},"timestamp":1777522888229}
{"sessionId":"6b7ab6","runId":"initial","hypothesisId":"H5_signal_loader_not_live","location":"app.py:_run_full_agent_pipeline","message":"Progress state updated","data":{"progress_pct":100,"progress_label":"Done","run_id":2},"timestamp":1777522888230}
{"sessionId":"6b7ab6","runId":"initial","hypothesisId":"H1_frontpage_ready_after_phase1","location":"app.py:_run_refresh","message":"Phase-1 publish ready","data":{"elapsed_ms":812,"rows":142},"timestamp":1777523235989}
{"sessionId":"6b7ab6","runId":"initial","hypothesisId":"H6_signal_progress_message_delivery","location":"app.py:_send_signal_progress","message":"Server sending signal progress message","data":{"pct":20,"label":"Building quick snapshot","status":"loading"},"timestamp":1777523235991}
{"sessionId":"6b7ab6","runId":"initial","hypothesisId":"H2_signal_pipeline_parallelism","location":"app.py:_run_agent_pipeline","message":"Signal studio loading state set","data":{"run_id":1},"timestamp":1777523235991}
{"sessionId":"6b7ab6","runId":"initial","hypothesisId":"H6_signal_progress_message_delivery","location":"app.py:_send_signal_progress","message":"Server sending signal progress message","data":{"pct":60,"label":"Quick snapshot ready","status":"ready"},"timestamp":1777523236042}
{"sessionId":"6b7ab6","runId":"initial","hypothesisId":"H2_signal_pipeline_parallelism","location":"app.py:_run_agent_pipeline","message":"Quick snapshot published","data":{"run_id":1,"packet_count":6},"timestamp":1777523236042}
{"sessionId":"6b7ab6","runId":"initial","hypothesisId":"H3_full_signal_backend_duration","location":"app.py:_run_full_agent_pipeline","message":"Full signal studio pipeline started","data":{"run_id":1},"timestamp":1777523236044}
{"sessionId":"6b7ab6","runId":"initial","hypothesisId":"H6_signal_progress_message_delivery","location":"app.py:_send_signal_progress","message":"Server sending signal progress message","data":{"pct":72,"label":"Generating section summaries","status":"ready"},"timestamp":1777523236044}
{"sessionId":"6b7ab6","runId":"initial","hypothesisId":"H5_signal_loader_not_live","location":"app.py:_run_full_agent_pipeline","message":"Progress state updated","data":{"progress_pct":72,"progress_label":"Generating section summaries","run_id":1},"timestamp":1777523236044}
{"sessionId":"6b7ab6","runId":"initial","hypothesisId":"H4_frontpage_summary_blocking","location":"app.py:make_cards_ui","message":"Cards rendered","data":{"category":"ALL","summary_fetch_count":0,"first_paint_mode":true,"elapsed_ms":49},"timestamp":1777523236179}
{"sessionId":"6b7ab6","runId":"initial","hypothesisId":"H6_signal_progress_message_delivery","location":"app.py:_send_signal_progress","message":"Server sending signal progress message","data":{"pct":84,"label":"Building section briefs","status":"ready"},"timestamp":1777523242414}
{"sessionId":"6b7ab6","runId":"initial","hypothesisId":"H5_signal_loader_not_live","location":"app.py:_run_full_agent_pipeline","message":"Progress state updated","data":{"progress_pct":84,"progress_label":"Building section briefs","run_id":1},"timestamp":1777523242415}
{"sessionId":"6b7ab6","runId":"initial","hypothesisId":"H4_frontpage_summary_blocking","location":"app.py:make_cards_ui","message":"Summaries fetched during card render","data":{"category":"ALL","fetch_count":6,"elapsed_ms":3476},"timestamp":1777523244455}
{"sessionId":"6b7ab6","runId":"initial","hypothesisId":"H4_frontpage_summary_blocking","location":"app.py:make_cards_ui","message":"Cards rendered","data":{"category":"ALL","summary_fetch_count":6,"first_paint_mode":false,"elapsed_ms":3479},"timestamp":1777523244458}
{"sessionId":"6b7ab6","runId":"initial","hypothesisId":"H6_signal_progress_message_delivery","location":"app.py:_send_signal_progress","message":"Server sending signal progress message","data":{"pct":20,"label":"Building quick snapshot","status":"loading"},"timestamp":1777523244472}
{"sessionId":"6b7ab6","runId":"initial","hypothesisId":"H2_signal_pipeline_parallelism","location":"app.py:_run_agent_pipeline","message":"Signal studio loading state set","data":{"run_id":2},"timestamp":1777523244474}
{"sessionId":"6b7ab6","runId":"initial","hypothesisId":"H6_signal_progress_message_delivery","location":"app.py:_send_signal_progress","message":"Server sending signal progress message","data":{"pct":60,"label":"Quick snapshot ready","status":"ready"},"timestamp":1777523244521}
{"sessionId":"6b7ab6","runId":"initial","hypothesisId":"H2_signal_pipeline_parallelism","location":"app.py:_run_agent_pipeline","message":"Quick snapshot published","data":{"run_id":2,"packet_count":6},"timestamp":1777523244521}
{"sessionId":"6b7ab6","runId":"initial","hypothesisId":"H3_full_signal_backend_duration","location":"app.py:_run_full_agent_pipeline","message":"Full signal studio pipeline started","data":{"run_id":2},"timestamp":1777523244530}
{"sessionId":"6b7ab6","runId":"initial","hypothesisId":"H6_signal_progress_message_delivery","location":"app.py:_send_signal_progress","message":"Server sending signal progress message","data":{"pct":72,"label":"Generating section summaries","status":"ready"},"timestamp":1777523244531}
{"sessionId":"6b7ab6","runId":"initial","hypothesisId":"H5_signal_loader_not_live","location":"app.py:_run_full_agent_pipeline","message":"Progress state updated","data":{"progress_pct":72,"progress_label":"Generating section summaries","run_id":2},"timestamp":1777523244532}
{"sessionId":"6b7ab6","runId":"initial","hypothesisId":"H6_signal_progress_message_delivery","location":"app.py:_send_signal_progress","message":"Server sending signal progress message","data":{"pct":84,"label":"Building section briefs","status":"ready"},"timestamp":1777523244590}
{"sessionId":"6b7ab6","runId":"initial","hypothesisId":"H5_signal_loader_not_live","location":"app.py:_run_full_agent_pipeline","message":"Progress state updated","data":{"progress_pct":84,"progress_label":"Building section briefs","run_id":2},"timestamp":1777523244590}
{"sessionId":"6b7ab6","runId":"initial","hypothesisId":"H6_signal_progress_message_delivery","location":"app.py:_send_signal_progress","message":"Server sending signal progress message","data":{"pct":94,"label":"Running multi-agent validation","status":"ready"},"timestamp":1777523249369}
{"sessionId":"6b7ab6","runId":"initial","hypothesisId":"H5_signal_loader_not_live","location":"app.py:_run_full_agent_pipeline","message":"Progress state updated","data":{"progress_pct":94,"progress_label":"Running multi-agent validation","run_id":2},"timestamp":1777523249371}
{"sessionId":"6b7ab6","runId":"initial","hypothesisId":"H6_signal_progress_message_delivery","location":"app.py:_send_signal_progress","message":"Server sending signal progress message","data":{"pct":100,"label":"Done","status":"ready"},"timestamp":1777523271284}
{"sessionId":"6b7ab6","runId":"initial","hypothesisId":"H3_full_signal_backend_duration","location":"app.py:_run_full_agent_pipeline","message":"Full signal studio pipeline finished","data":{"run_id":2,"elapsed_ms":26754},"timestamp":1777523271285}
{"sessionId":"6b7ab6","runId":"initial","hypothesisId":"H5_signal_loader_not_live","location":"app.py:_run_full_agent_pipeline","message":"Progress state updated","data":{"progress_pct":100,"progress_label":"Done","run_id":2},"timestamp":1777523271285}
{"sessionId":"6b7ab6","runId":"initial","hypothesisId":"H1_frontpage_ready_after_phase1","location":"app.py:_run_refresh","message":"Phase-1 publish ready","data":{"elapsed_ms":2181,"rows":158},"timestamp":1777525481987}
{"sessionId":"6b7ab6","runId":"initial","hypothesisId":"H6_signal_progress_message_delivery","location":"app.py:_send_signal_progress","message":"Server sending signal progress message","data":{"pct":20,"label":"Building quick snapshot","status":"loading"},"timestamp":1777525481993}
{"sessionId":"6b7ab6","runId":"initial","hypothesisId":"H2_signal_pipeline_parallelism","location":"app.py:_run_agent_pipeline","message":"Signal studio loading state set","data":{"run_id":1},"timestamp":1777525481993}
{"sessionId":"6b7ab6","runId":"initial","hypothesisId":"H6_signal_progress_message_delivery","location":"app.py:_send_signal_progress","message":"Server sending signal progress message","data":{"pct":60,"label":"Quick snapshot ready","status":"ready"},"timestamp":1777525482077}
{"sessionId":"6b7ab6","runId":"initial","hypothesisId":"H2_signal_pipeline_parallelism","location":"app.py:_run_agent_pipeline","message":"Quick snapshot published","data":{"run_id":1,"packet_count":6},"timestamp":1777525482077}
{"sessionId":"6b7ab6","runId":"initial","hypothesisId":"H3_full_signal_backend_duration","location":"app.py:_run_full_agent_pipeline","message":"Full signal studio pipeline started","data":{"run_id":1},"timestamp":1777525482079}
{"sessionId":"6b7ab6","runId":"initial","hypothesisId":"H6_signal_progress_message_delivery","location":"app.py:_send_signal_progress","message":"Server sending signal progress message","data":{"pct":72,"label":"Generating section summaries","status":"ready"},"timestamp":1777525482080}
{"sessionId":"6b7ab6","runId":"initial","hypothesisId":"H5_signal_loader_not_live","location":"app.py:_run_full_agent_pipeline","message":"Progress state updated","data":{"progress_pct":72,"progress_label":"Generating section summaries","run_id":1},"timestamp":1777525482081}
{"sessionId":"6b7ab6","runId":"initial","hypothesisId":"H4_frontpage_summary_blocking","location":"app.py:make_cards_ui","message":"Cards rendered","data":{"category":"ALL","summary_fetch_count":0,"first_paint_mode":true,"elapsed_ms":44},"timestamp":1777525482259}
{"sessionId":"6b7ab6","runId":"initial","hypothesisId":"H4_frontpage_summary_blocking","location":"app.py:make_cards_ui","message":"Cards rendered","data":{"category":"ALL","summary_fetch_count":0,"first_paint_mode":false,"elapsed_ms":158},"timestamp":1777525488082}
{"sessionId":"6b7ab6","runId":"initial","hypothesisId":"H6_signal_progress_message_delivery","location":"app.py:_send_signal_progress","message":"Server sending signal progress message","data":{"pct":20,"label":"Building quick snapshot","status":"loading"},"timestamp":1777525488102}
{"sessionId":"6b7ab6","runId":"initial","hypothesisId":"H2_signal_pipeline_parallelism","location":"app.py:_run_agent_pipeline","message":"Signal studio loading state set","data":{"run_id":2},"timestamp":1777525488103}
{"sessionId":"6b7ab6","runId":"initial","hypothesisId":"H6_signal_progress_message_delivery","location":"app.py:_send_signal_progress","message":"Server sending signal progress message","data":{"pct":60,"label":"Quick snapshot ready","status":"ready"},"timestamp":1777525488184}
{"sessionId":"6b7ab6","runId":"initial","hypothesisId":"H2_signal_pipeline_parallelism","location":"app.py:_run_agent_pipeline","message":"Quick snapshot published","data":{"run_id":2,"packet_count":6},"timestamp":1777525488184}
{"sessionId":"6b7ab6","runId":"initial","hypothesisId":"H3_full_signal_backend_duration","location":"app.py:_run_full_agent_pipeline","message":"Full signal studio pipeline started","data":{"run_id":2},"timestamp":1777525488201}
{"sessionId":"6b7ab6","runId":"initial","hypothesisId":"H6_signal_progress_message_delivery","location":"app.py:_send_signal_progress","message":"Server sending signal progress message","data":{"pct":72,"label":"Generating section summaries","status":"ready"},"timestamp":1777525488247}
{"sessionId":"6b7ab6","runId":"initial","hypothesisId":"H5_signal_loader_not_live","location":"app.py:_run_full_agent_pipeline","message":"Progress state updated","data":{"progress_pct":72,"progress_label":"Generating section summaries","run_id":2},"timestamp":1777525488248}
{"sessionId":"6b7ab6","runId":"initial","hypothesisId":"H6_signal_progress_message_delivery","location":"app.py:_send_signal_progress","message":"Server sending signal progress message","data":{"pct":84,"label":"Building section briefs","status":"ready"},"timestamp":1777525488333}
{"sessionId":"6b7ab6","runId":"initial","hypothesisId":"H5_signal_loader_not_live","location":"app.py:_run_full_agent_pipeline","message":"Progress state updated","data":{"progress_pct":84,"progress_label":"Building section briefs","run_id":1},"timestamp":1777525488334}
{"sessionId":"6b7ab6","runId":"initial","hypothesisId":"H6_signal_progress_message_delivery","location":"app.py:_send_signal_progress","message":"Server sending signal progress message","data":{"pct":84,"label":"Building section briefs","status":"ready"},"timestamp":1777525492175}
{"sessionId":"6b7ab6","runId":"initial","hypothesisId":"H5_signal_loader_not_live","location":"app.py:_run_full_agent_pipeline","message":"Progress state updated","data":{"progress_pct":84,"progress_label":"Building section briefs","run_id":2},"timestamp":1777525492176}
{"sessionId":"6b7ab6","runId":"initial","hypothesisId":"H6_signal_progress_message_delivery","location":"app.py:_send_signal_progress","message":"Server sending signal progress message","data":{"pct":94,"label":"Running multi-agent validation","status":"ready"},"timestamp":1777525496313}
{"sessionId":"6b7ab6","runId":"initial","hypothesisId":"H5_signal_loader_not_live","location":"app.py:_run_full_agent_pipeline","message":"Progress state updated","data":{"progress_pct":94,"progress_label":"Running multi-agent validation","run_id":2},"timestamp":1777525496314}
{"sessionId":"6b7ab6","runId":"initial","hypothesisId":"H6_signal_progress_message_delivery","location":"app.py:_send_signal_progress","message":"Server sending signal progress message","data":{"pct":100,"label":"Done","status":"ready"},"timestamp":1777525513923}
{"sessionId":"6b7ab6","runId":"initial","hypothesisId":"H3_full_signal_backend_duration","location":"app.py:_run_full_agent_pipeline","message":"Full signal studio pipeline finished","data":{"run_id":2,"elapsed_ms":25723},"timestamp":1777525513924}
{"sessionId":"6b7ab6","runId":"initial","hypothesisId":"H5_signal_loader_not_live","location":"app.py:_run_full_agent_pipeline","message":"Progress state updated","data":{"progress_pct":100,"progress_label":"Done","run_id":2},"timestamp":1777525513926}
{"sessionId":"6b7ab6","runId":"initial","hypothesisId":"H4_frontpage_summary_blocking","location":"app.py:make_cards_ui","message":"Cards rendered","data":{"category":"ALL","summary_fetch_count":0,"first_paint_mode":false,"elapsed_ms":2},"timestamp":1777525619624}
{"sessionId":"6b7ab6","runId":"initial","hypothesisId":"H5_signal_loader_not_live","location":"app.py:agent_workflow_panel","message":"Signal studio panel rendered","data":{"status":"ready","progress_pct":100,"progress_label":"Done"},"timestamp":1777525619627}
{"sessionId":"6b7ab6","runId":"initial","hypothesisId":"H4_frontpage_summary_blocking","location":"app.py:make_cards_ui","message":"Cards rendered","data":{"category":"ALL","summary_fetch_count":0,"first_paint_mode":false,"elapsed_ms":2},"timestamp":1777525622504}
{"sessionId":"6b7ab6","runId":"initial","hypothesisId":"H1_frontpage_ready_after_phase1","location":"app.py:_run_refresh","message":"Phase-1 publish ready","data":{"elapsed_ms":1203,"rows":142},"timestamp":1777526162160}
{"sessionId":"6b7ab6","runId":"initial","hypothesisId":"H6_signal_progress_message_delivery","location":"app.py:_send_signal_progress","message":"Server sending signal progress message","data":{"pct":20,"label":"Building quick snapshot","status":"loading"},"timestamp":1777526162164}
{"sessionId":"6b7ab6","runId":"initial","hypothesisId":"H2_signal_pipeline_parallelism","location":"app.py:_run_agent_pipeline","message":"Signal studio loading state set","data":{"run_id":1},"timestamp":1777526162165}
{"sessionId":"6b7ab6","runId":"initial","hypothesisId":"H6_signal_progress_message_delivery","location":"app.py:_send_signal_progress","message":"Server sending signal progress message","data":{"pct":60,"label":"Quick snapshot ready","status":"ready"},"timestamp":1777526162221}
{"sessionId":"6b7ab6","runId":"initial","hypothesisId":"H2_signal_pipeline_parallelism","location":"app.py:_run_agent_pipeline","message":"Quick snapshot published","data":{"run_id":1,"packet_count":6},"timestamp":1777526162221}
{"sessionId":"6b7ab6","runId":"initial","hypothesisId":"H3_full_signal_backend_duration","location":"app.py:_run_full_agent_pipeline","message":"Full signal studio pipeline started","data":{"run_id":1},"timestamp":1777526162222}
{"sessionId":"6b7ab6","runId":"initial","hypothesisId":"H6_signal_progress_message_delivery","location":"app.py:_send_signal_progress","message":"Server sending signal progress message","data":{"pct":72,"label":"Generating section summaries","status":"ready"},"timestamp":1777526162223}
{"sessionId":"6b7ab6","runId":"initial","hypothesisId":"H5_signal_loader_not_live","location":"app.py:_run_full_agent_pipeline","message":"Progress state updated","data":{"progress_pct":72,"progress_label":"Generating section summaries","run_id":1},"timestamp":1777526162223}
{"sessionId":"6b7ab6","runId":"initial","hypothesisId":"H4_frontpage_summary_blocking","location":"app.py:make_cards_ui","message":"Cards rendered","data":{"category":"ALL","summary_fetch_count":0,"first_paint_mode":true,"elapsed_ms":38},"timestamp":1777526162364}
{"sessionId":"6b7ab6","runId":"initial","hypothesisId":"H6_signal_progress_message_delivery","location":"app.py:_send_signal_progress","message":"Server sending signal progress message","data":{"pct":84,"label":"Building section briefs","status":"ready"},"timestamp":1777526167874}
{"sessionId":"6b7ab6","runId":"initial","hypothesisId":"H5_signal_loader_not_live","location":"app.py:_run_full_agent_pipeline","message":"Progress state updated","data":{"progress_pct":84,"progress_label":"Building section briefs","run_id":1},"timestamp":1777526167874}
{"sessionId":"6b7ab6","runId":"initial","hypothesisId":"H6_signal_progress_message_delivery","location":"app.py:_send_signal_progress","message":"Server sending signal progress message","data":{"pct":94,"label":"Running multi-agent validation","status":"ready"},"timestamp":1777526172513}
{"sessionId":"6b7ab6","runId":"initial","hypothesisId":"H5_signal_loader_not_live","location":"app.py:_run_full_agent_pipeline","message":"Progress state updated","data":{"progress_pct":94,"progress_label":"Running multi-agent validation","run_id":1},"timestamp":1777526172513}
{"sessionId":"6b7ab6","runId":"initial","hypothesisId":"H4_frontpage_summary_blocking","location":"app.py:make_cards_ui","message":"Summaries fetched during card render","data":{"category":"ALL","fetch_count":6,"elapsed_ms":7078},"timestamp":1777526174212}
{"sessionId":"6b7ab6","runId":"initial","hypothesisId":"H4_frontpage_summary_blocking","location":"app.py:make_cards_ui","message":"Cards rendered","data":{"category":"ALL","summary_fetch_count":6,"first_paint_mode":false,"elapsed_ms":7145},"timestamp":1777526174279}
{"sessionId":"6b7ab6","runId":"initial","hypothesisId":"H6_signal_progress_message_delivery","location":"app.py:_send_signal_progress","message":"Server sending signal progress message","data":{"pct":20,"label":"Building quick snapshot","status":"loading"},"timestamp":1777526174287}
{"sessionId":"6b7ab6","runId":"initial","hypothesisId":"H2_signal_pipeline_parallelism","location":"app.py:_run_agent_pipeline","message":"Signal studio loading state set","data":{"run_id":2},"timestamp":1777526174288}
{"sessionId":"6b7ab6","runId":"initial","hypothesisId":"H6_signal_progress_message_delivery","location":"app.py:_send_signal_progress","message":"Server sending signal progress message","data":{"pct":60,"label":"Quick snapshot ready","status":"ready"},"timestamp":1777526174329}
{"sessionId":"6b7ab6","runId":"initial","hypothesisId":"H2_signal_pipeline_parallelism","location":"app.py:_run_agent_pipeline","message":"Quick snapshot published","data":{"run_id":2,"packet_count":6},"timestamp":1777526174329}
{"sessionId":"6b7ab6","runId":"initial","hypothesisId":"H3_full_signal_backend_duration","location":"app.py:_run_full_agent_pipeline","message":"Full signal studio pipeline started","data":{"run_id":2},"timestamp":1777526174338}
{"sessionId":"6b7ab6","runId":"initial","hypothesisId":"H6_signal_progress_message_delivery","location":"app.py:_send_signal_progress","message":"Server sending signal progress message","data":{"pct":72,"label":"Generating section summaries","status":"ready"},"timestamp":1777526174339}
{"sessionId":"6b7ab6","runId":"initial","hypothesisId":"H5_signal_loader_not_live","location":"app.py:_run_full_agent_pipeline","message":"Progress state updated","data":{"progress_pct":72,"progress_label":"Generating section summaries","run_id":2},"timestamp":1777526174339}
{"sessionId":"6b7ab6","runId":"initial","hypothesisId":"H6_signal_progress_message_delivery","location":"app.py:_send_signal_progress","message":"Server sending signal progress message","data":{"pct":84,"label":"Building section briefs","status":"ready"},"timestamp":1777526174390}
{"sessionId":"6b7ab6","runId":"initial","hypothesisId":"H5_signal_loader_not_live","location":"app.py:_run_full_agent_pipeline","message":"Progress state updated","data":{"progress_pct":84,"progress_label":"Building section briefs","run_id":2},"timestamp":1777526174390}
{"sessionId":"6b7ab6","runId":"initial","hypothesisId":"H6_signal_progress_message_delivery","location":"app.py:_send_signal_progress","message":"Server sending signal progress message","data":{"pct":94,"label":"Running multi-agent validation","status":"ready"},"timestamp":1777526178501}
{"sessionId":"6b7ab6","runId":"initial","hypothesisId":"H5_signal_loader_not_live","location":"app.py:_run_full_agent_pipeline","message":"Progress state updated","data":{"progress_pct":94,"progress_label":"Running multi-agent validation","run_id":2},"timestamp":1777526178502}
{"sessionId":"6b7ab6","runId":"initial","hypothesisId":"H4_frontpage_summary_blocking","location":"app.py:make_cards_ui","message":"Cards rendered","data":{"category":"ALL","summary_fetch_count":0,"first_paint_mode":false,"elapsed_ms":3},"timestamp":1777526188007}
{"sessionId":"6b7ab6","runId":"initial","hypothesisId":"H5_signal_loader_not_live","location":"app.py:agent_workflow_panel","message":"Signal studio panel rendered","data":{"status":"ready","progress_pct":94,"progress_label":"Running multi-agent validation"},"timestamp":1777526188008}
{"sessionId":"6b7ab6","runId":"initial","hypothesisId":"H4_frontpage_summary_blocking","location":"app.py:make_cards_ui","message":"Cards rendered","data":{"category":"ALL","summary_fetch_count":0,"first_paint_mode":false,"elapsed_ms":2},"timestamp":1777526191408}
{"sessionId":"6b7ab6","runId":"initial","hypothesisId":"H6_signal_progress_message_delivery","location":"app.py:_send_signal_progress","message":"Server sending signal progress message","data":{"pct":100,"label":"Done","status":"ready"},"timestamp":1777526197346}
{"sessionId":"6b7ab6","runId":"initial","hypothesisId":"H3_full_signal_backend_duration","location":"app.py:_run_full_agent_pipeline","message":"Full signal studio pipeline finished","data":{"run_id":2,"elapsed_ms":23008},"timestamp":1777526197347}
{"sessionId":"6b7ab6","runId":"initial","hypothesisId":"H5_signal_loader_not_live","location":"app.py:_run_full_agent_pipeline","message":"Progress state updated","data":{"progress_pct":100,"progress_label":"Done","run_id":2},"timestamp":1777526197347}
{"sessionId":"6b7ab6","runId":"initial","hypothesisId":"H4_frontpage_summary_blocking","location":"app.py:make_cards_ui","message":"Cards rendered","data":{"category":"ALL","summary_fetch_count":0,"first_paint_mode":false,"elapsed_ms":2},"timestamp":1777526233729}
{"sessionId":"6b7ab6","runId":"initial","hypothesisId":"H5_signal_loader_not_live","location":"app.py:agent_workflow_panel","message":"Signal studio panel rendered","data":{"status":"ready","progress_pct":100,"progress_label":"Done"},"timestamp":1777526233732}
{"sessionId":"6b7ab6","runId":"initial","hypothesisId":"H4_frontpage_summary_blocking","location":"app.py:make_cards_ui","message":"Cards rendered","data":{"category":"ALL","summary_fetch_count":0,"first_paint_mode":false,"elapsed_ms":4},"timestamp":1777526236415}
{"sessionId":"6b7ab6","runId":"initial","hypothesisId":"H1_frontpage_ready_after_phase1","location":"app.py:_run_refresh","message":"Phase-1 publish ready","data":{"elapsed_ms":765,"rows":142},"timestamp":1777526276935}
{"sessionId":"6b7ab6","runId":"initial","hypothesisId":"H6_signal_progress_message_delivery","location":"app.py:_send_signal_progress","message":"Server sending signal progress message","data":{"pct":20,"label":"Building quick snapshot","status":"loading"},"timestamp":1777526276937}
{"sessionId":"6b7ab6","runId":"initial","hypothesisId":"H2_signal_pipeline_parallelism","location":"app.py:_run_agent_pipeline","message":"Signal studio loading state set","data":{"run_id":1},"timestamp":1777526276939}
{"sessionId":"6b7ab6","runId":"initial","hypothesisId":"H6_signal_progress_message_delivery","location":"app.py:_send_signal_progress","message":"Server sending signal progress message","data":{"pct":60,"label":"Quick snapshot ready","status":"ready"},"timestamp":1777526276976}
{"sessionId":"6b7ab6","runId":"initial","hypothesisId":"H2_signal_pipeline_parallelism","location":"app.py:_run_agent_pipeline","message":"Quick snapshot published","data":{"run_id":1,"packet_count":6},"timestamp":1777526276977}
{"sessionId":"6b7ab6","runId":"initial","hypothesisId":"H3_full_signal_backend_duration","location":"app.py:_run_full_agent_pipeline","message":"Full signal studio pipeline started","data":{"run_id":1},"timestamp":1777526276977}
{"sessionId":"6b7ab6","runId":"initial","hypothesisId":"H6_signal_progress_message_delivery","location":"app.py:_send_signal_progress","message":"Server sending signal progress message","data":{"pct":72,"label":"Generating section summaries","status":"ready"},"timestamp":1777526276977}
{"sessionId":"6b7ab6","runId":"initial","hypothesisId":"H5_signal_loader_not_live","location":"app.py:_run_full_agent_pipeline","message":"Progress state updated","data":{"progress_pct":72,"progress_label":"Generating section summaries","run_id":1},"timestamp":1777526276978}
{"sessionId":"6b7ab6","runId":"initial","hypothesisId":"H4_frontpage_summary_blocking","location":"app.py:make_cards_ui","message":"Cards rendered","data":{"category":"ALL","summary_fetch_count":0,"first_paint_mode":true,"elapsed_ms":32},"timestamp":1777526277077}
{"sessionId":"6b7ab6","runId":"initial","hypothesisId":"H6_signal_progress_message_delivery","location":"app.py:_send_signal_progress","message":"Server sending signal progress message","data":{"pct":84,"label":"Building section briefs","status":"ready"},"timestamp":1777526283051}
{"sessionId":"6b7ab6","runId":"initial","hypothesisId":"H5_signal_loader_not_live","location":"app.py:_run_full_agent_pipeline","message":"Progress state updated","data":{"progress_pct":84,"progress_label":"Building section briefs","run_id":1},"timestamp":1777526283051}
{"sessionId":"6b7ab6","runId":"initial","hypothesisId":"H4_frontpage_summary_blocking","location":"app.py:make_cards_ui","message":"Summaries fetched during card render","data":{"category":"ALL","fetch_count":6,"elapsed_ms":2972},"timestamp":1777526284589}
{"sessionId":"6b7ab6","runId":"initial","hypothesisId":"H4_frontpage_summary_blocking","location":"app.py:make_cards_ui","message":"Cards rendered","data":{"category":"ALL","summary_fetch_count":6,"first_paint_mode":false,"elapsed_ms":3035},"timestamp":1777526284653}
{"sessionId":"6b7ab6","runId":"initial","hypothesisId":"H6_signal_progress_message_delivery","location":"app.py:_send_signal_progress","message":"Server sending signal progress message","data":{"pct":20,"label":"Building quick snapshot","status":"loading"},"timestamp":1777526284664}
{"sessionId":"6b7ab6","runId":"initial","hypothesisId":"H2_signal_pipeline_parallelism","location":"app.py:_run_agent_pipeline","message":"Signal studio loading state set","data":{"run_id":2},"timestamp":1777526284665}
{"sessionId":"6b7ab6","runId":"initial","hypothesisId":"H6_signal_progress_message_delivery","location":"app.py:_send_signal_progress","message":"Server sending signal progress message","data":{"pct":60,"label":"Quick snapshot ready","status":"ready"},"timestamp":1777526284706}
{"sessionId":"6b7ab6","runId":"initial","hypothesisId":"H2_signal_pipeline_parallelism","location":"app.py:_run_agent_pipeline","message":"Quick snapshot published","data":{"run_id":2,"packet_count":6},"timestamp":1777526284707}
{"sessionId":"6b7ab6","runId":"initial","hypothesisId":"H3_full_signal_backend_duration","location":"app.py:_run_full_agent_pipeline","message":"Full signal studio pipeline started","data":{"run_id":2},"timestamp":1777526284720}
{"sessionId":"6b7ab6","runId":"initial","hypothesisId":"H6_signal_progress_message_delivery","location":"app.py:_send_signal_progress","message":"Server sending signal progress message","data":{"pct":72,"label":"Generating section summaries","status":"ready"},"timestamp":1777526284720}
{"sessionId":"6b7ab6","runId":"initial","hypothesisId":"H5_signal_loader_not_live","location":"app.py:_run_full_agent_pipeline","message":"Progress state updated","data":{"progress_pct":72,"progress_label":"Generating section summaries","run_id":2},"timestamp":1777526284721}
{"sessionId":"6b7ab6","runId":"initial","hypothesisId":"H6_signal_progress_message_delivery","location":"app.py:_send_signal_progress","message":"Server sending signal progress message","data":{"pct":84,"label":"Building section briefs","status":"ready"},"timestamp":1777526284776}
{"sessionId":"6b7ab6","runId":"initial","hypothesisId":"H5_signal_loader_not_live","location":"app.py:_run_full_agent_pipeline","message":"Progress state updated","data":{"progress_pct":84,"progress_label":"Building section briefs","run_id":2},"timestamp":1777526284777}
{"sessionId":"6b7ab6","runId":"initial","hypothesisId":"H4_frontpage_summary_blocking","location":"app.py:make_cards_ui","message":"Cards rendered","data":{"category":"ALL","summary_fetch_count":0,"first_paint_mode":false,"elapsed_ms":5},"timestamp":1777526293448}
{"sessionId":"6b7ab6","runId":"initial","hypothesisId":"H5_signal_loader_not_live","location":"app.py:agent_workflow_panel","message":"Signal studio panel rendered","data":{"status":"ready","progress_pct":84,"progress_label":"Building section briefs"},"timestamp":1777526293452}
{"sessionId":"6b7ab6","runId":"initial","hypothesisId":"H6_signal_progress_message_delivery","location":"app.py:_send_signal_progress","message":"Server sending signal progress message","data":{"pct":94,"label":"Running multi-agent validation","status":"ready"},"timestamp":1777526293509}
{"sessionId":"6b7ab6","runId":"initial","hypothesisId":"H5_signal_loader_not_live","location":"app.py:_run_full_agent_pipeline","message":"Progress state updated","data":{"progress_pct":94,"progress_label":"Running multi-agent validation","run_id":2},"timestamp":1777526293511}
{"sessionId":"6b7ab6","runId":"initial","hypothesisId":"H5_signal_loader_not_live","location":"app.py:agent_workflow_panel","message":"Signal studio panel rendered","data":{"status":"ready","progress_pct":94,"progress_label":"Running multi-agent validation"},"timestamp":1777526295302}
{"sessionId":"6b7ab6","runId":"initial","hypothesisId":"H4_frontpage_summary_blocking","location":"app.py:make_cards_ui","message":"Cards rendered","data":{"category":"ALL","summary_fetch_count":0,"first_paint_mode":false,"elapsed_ms":2},"timestamp":1777526295308}
